GET--/api/user/login?username=zhangsan&password=123--Mozilla/5.0 (Windows NT 10.0; Win64; x64) AppleWebKit/537.36 (KHTML, like Gecko) Chrome/78.0.3904.108 Safari/537.36--1577720466178
GET--/favicon.ico--Mozilla/5.0 (Windows NT 10.0; Win64; x64) AppleWebKit/537.36 (KHTML, like Gecko) Chrome/78.0.3904.108 Safari/537.36--1577720466490
GET--/api/user/login?username=zhangsan&password=123--Mozilla/5.0 (Windows NT 10.0; Win64; x64) AppleWebKit/537.36 (KHTML, like Gecko) Chrome/78.0.3904.108 Safari/537.36--1577720476967
GET--/api/user/login--Mozilla/5.0 (Windows NT 10.0; Win64; x64) AppleWebKit/537.36 (KHTML, like Gecko) Chrome/78.0.3904.108 Safari/537.36--1577720514895
GET--/api/user/login--Mozilla/5.0 (Windows NT 10.0; Win64; x64) AppleWebKit/537.36 (KHTML, like Gecko) Chrome/78.0.3904.108 Safari/537.36--1577720522534
POST--/api/user/login--PostmanRuntime/7.6.0--1577720599961
POST--/api/user/login--PostmanRuntime/7.6.0--1577720601482
GET--/api/blog/list--Mozilla/5.0 (Windows NT 10.0; Win64; x64) AppleWebKit/537.36 (KHTML, like Gecko) Chrome/78.0.3904.108 Safari/537.36--1577720660855
GET--/api/blog/list--Mozilla/5.0 (Windows NT 10.0; Win64; x64) AppleWebKit/537.36 (KHTML, like Gecko) Chrome/78.0.3904.108 Safari/537.36--1577720664926
GET--/api/blog/list--Mozilla/5.0 (Windows NT 10.0; Win64; x64) AppleWebKit/537.36 (KHTML, like Gecko) Chrome/78.0.3904.108 Safari/537.36--1577720668801
POST--/api/user/login--Mozilla/5.0 (Windows NT 10.0; Win64; x64) AppleWebKit/537.36 (KHTML, like Gecko) Chrome/78.0.3904.108 Safari/537.36--1577721993350
POST--/api/user/login--Mozilla/5.0 (Windows NT 10.0; Win64; x64) AppleWebKit/537.36 (KHTML, like Gecko) Chrome/78.0.3904.108 Safari/537.36--1577722000071
POST--/api/user/login--Mozilla/5.0 (Windows NT 10.0; Win64; x64) AppleWebKit/537.36 (KHTML, like Gecko) Chrome/78.0.3904.108 Safari/537.36--1577722019214
POST--/api/user/login--PostmanRuntime/7.6.0--1577896016459
POST--/api/user/login--PostmanRuntime/7.6.0--1577896126967
POST--/api/user/login--PostmanRuntime/7.6.0--1577896263006
POST--/api/user/login--PostmanRuntime/7.6.0--1577896380750
POST--/api/user/login--PostmanRuntime/7.6.0--1577896450424
POST--/api/user/login--Mozilla/5.0 (Windows NT 10.0; Win64; x64) AppleWebKit/537.36 (KHTML, like Gecko) Chrome/78.0.3904.108 Safari/537.36--1577896640712
POST--/api/user/login--PostmanRuntime/7.6.0--1577896669857
POST--/api/user/login--Mozilla/5.0 (Windows NT 10.0; Win64; x64) AppleWebKit/537.36 (KHTML, like Gecko) Chrome/78.0.3904.108 Safari/537.36--1577896740590
POST--/api/user/login--PostmanRuntime/7.6.0--1577896952643
