Tue, 14 Jan 2020 16:15:59 GMT express-session deprecated undefined resave option; provide resave option at app.js:55:9
Tue, 14 Jan 2020 16:15:59 GMT express-session deprecated undefined saveUninitialized option; provide saveUninitialized option at app.js:55:9
Tue, 14 Jan 2020 16:16:09 GMT express-session deprecated undefined resave option; provide resave option at app.js:55:9
Tue, 14 Jan 2020 16:16:09 GMT express-session deprecated undefined saveUninitialized option; provide saveUninitialized option at app.js:55:9
Tue, 14 Jan 2020 16:17:00 GMT express-session deprecated undefined resave option; provide resave option at app.js:55:9
Tue, 14 Jan 2020 16:17:00 GMT express-session deprecated undefined saveUninitialized option; provide saveUninitialized option at app.js:55:9
Tue, 14 Jan 2020 16:17:19 GMT express-session deprecated undefined resave option; provide resave option at app.js:55:9
Tue, 14 Jan 2020 16:17:19 GMT express-session deprecated undefined saveUninitialized option; provide saveUninitialized option at app.js:55:9
Tue, 14 Jan 2020 16:17:36 GMT express-session deprecated undefined resave option; provide resave option at app.js:55:9
Tue, 14 Jan 2020 16:17:36 GMT express-session deprecated undefined saveUninitialized option; provide saveUninitialized option at app.js:55:9
{ Error: Cannot find module 'mime-types'
    at Function.Module._resolveFilename (internal/modules/cjs/loader.js:581:15)
    at Module.Hook._require.Module.require (C:\Users\zy\AppData\Roaming\npm\node_modules\pm2\node_modules\_require-in-the-middle@5.0.2@require-in-the-middle\index.js:51:29)
    at require (internal/modules/cjs/helpers.js:22:18)
    at Object.<anonymous> (C:\Users\zy\Desktop\blog\node_modules\_accepts@1.3.7@accepts\index.js:16:12)
    at Module._compile (internal/modules/cjs/loader.js:689:30)
    at Object.Module._extensions..js (internal/modules/cjs/loader.js:700:10)
    at Module.load (internal/modules/cjs/loader.js:599:32)
    at tryModuleLoad (internal/modules/cjs/loader.js:538:12)
    at Function.Module._load (internal/modules/cjs/loader.js:530:3)
    at Module.require (internal/modules/cjs/loader.js:637:17) code: 'MODULE_NOT_FOUND' }
{ Error: Cannot find module 'mime-types'
    at Function.Module._resolveFilename (internal/modules/cjs/loader.js:581:15)
    at Module.Hook._require.Module.require (C:\Users\zy\AppData\Roaming\npm\node_modules\pm2\node_modules\_require-in-the-middle@5.0.2@require-in-the-middle\index.js:51:29)
    at require (internal/modules/cjs/helpers.js:22:18)
    at Object.<anonymous> (C:\Users\zy\Desktop\blog\node_modules\_accepts@1.3.7@accepts\index.js:16:12)
    at Module._compile (internal/modules/cjs/loader.js:689:30)
    at Object.Module._extensions..js (internal/modules/cjs/loader.js:700:10)
    at Module.load (internal/modules/cjs/loader.js:599:32)
    at tryModuleLoad (internal/modules/cjs/loader.js:538:12)
    at Function.Module._load (internal/modules/cjs/loader.js:530:3)
    at Module.require (internal/modules/cjs/loader.js:637:17) code: 'MODULE_NOT_FOUND' }
{ Error: Cannot find module 'mime-types'
    at Function.Module._resolveFilename (internal/modules/cjs/loader.js:581:15)
    at Module.Hook._require.Module.require (C:\Users\zy\AppData\Roaming\npm\node_modules\pm2\node_modules\_require-in-the-middle@5.0.2@require-in-the-middle\index.js:51:29)
    at require (internal/modules/cjs/helpers.js:22:18)
    at Object.<anonymous> (C:\Users\zy\Desktop\blog\node_modules\_accepts@1.3.7@accepts\index.js:16:12)
    at Module._compile (internal/modules/cjs/loader.js:689:30)
    at Object.Module._extensions..js (internal/modules/cjs/loader.js:700:10)
    at Module.load (internal/modules/cjs/loader.js:599:32)
    at tryModuleLoad (internal/modules/cjs/loader.js:538:12)
    at Function.Module._load (internal/modules/cjs/loader.js:530:3)
    at Module.require (internal/modules/cjs/loader.js:637:17) code: 'MODULE_NOT_FOUND' }
{ Error: Cannot find module 'mime-types'
    at Function.Module._resolveFilename (internal/modules/cjs/loader.js:581:15)
    at Module.Hook._require.Module.require (C:\Users\zy\AppData\Roaming\npm\node_modules\pm2\node_modules\_require-in-the-middle@5.0.2@require-in-the-middle\index.js:51:29)
    at require (internal/modules/cjs/helpers.js:22:18)
    at Object.<anonymous> (C:\Users\zy\Desktop\blog\node_modules\_accepts@1.3.7@accepts\index.js:16:12)
    at Module._compile (internal/modules/cjs/loader.js:689:30)
    at Object.Module._extensions..js (internal/modules/cjs/loader.js:700:10)
    at Module.load (internal/modules/cjs/loader.js:599:32)
    at tryModuleLoad (internal/modules/cjs/loader.js:538:12)
    at Function.Module._load (internal/modules/cjs/loader.js:530:3)
    at Module.require (internal/modules/cjs/loader.js:637:17) code: 'MODULE_NOT_FOUND' }
{ Error: Cannot find module 'mime-types'
    at Function.Module._resolveFilename (internal/modules/cjs/loader.js:581:15)
    at Module.Hook._require.Module.require (C:\Users\zy\AppData\Roaming\npm\node_modules\pm2\node_modules\_require-in-the-middle@5.0.2@require-in-the-middle\index.js:51:29)
    at require (internal/modules/cjs/helpers.js:22:18)
    at Object.<anonymous> (C:\Users\zy\Desktop\blog\node_modules\_accepts@1.3.7@accepts\index.js:16:12)
    at Module._compile (internal/modules/cjs/loader.js:689:30)
    at Object.Module._extensions..js (internal/modules/cjs/loader.js:700:10)
    at Module.load (internal/modules/cjs/loader.js:599:32)
    at tryModuleLoad (internal/modules/cjs/loader.js:538:12)
    at Function.Module._load (internal/modules/cjs/loader.js:530:3)
    at Module.require (internal/modules/cjs/loader.js:637:17) code: 'MODULE_NOT_FOUND' }
{ Error: Cannot find module 'mime-types'
    at Function.Module._resolveFilename (internal/modules/cjs/loader.js:581:15)
    at Module.Hook._require.Module.require (C:\Users\zy\AppData\Roaming\npm\node_modules\pm2\node_modules\_require-in-the-middle@5.0.2@require-in-the-middle\index.js:51:29)
    at require (internal/modules/cjs/helpers.js:22:18)
    at Object.<anonymous> (C:\Users\zy\Desktop\blog\node_modules\_accepts@1.3.7@accepts\index.js:16:12)
    at Module._compile (internal/modules/cjs/loader.js:689:30)
    at Object.Module._extensions..js (internal/modules/cjs/loader.js:700:10)
    at Module.load (internal/modules/cjs/loader.js:599:32)
    at tryModuleLoad (internal/modules/cjs/loader.js:538:12)
    at Function.Module._load (internal/modules/cjs/loader.js:530:3)
    at Module.require (internal/modules/cjs/loader.js:637:17) code: 'MODULE_NOT_FOUND' }
{ Error: Cannot find module 'mime-types'
    at Function.Module._resolveFilename (internal/modules/cjs/loader.js:581:15)
    at Module.Hook._require.Module.require (C:\Users\zy\AppData\Roaming\npm\node_modules\pm2\node_modules\_require-in-the-middle@5.0.2@require-in-the-middle\index.js:51:29)
    at require (internal/modules/cjs/helpers.js:22:18)
    at Object.<anonymous> (C:\Users\zy\Desktop\blog\node_modules\_accepts@1.3.7@accepts\index.js:16:12)
    at Module._compile (internal/modules/cjs/loader.js:689:30)
    at Object.Module._extensions..js (internal/modules/cjs/loader.js:700:10)
    at Module.load (internal/modules/cjs/loader.js:599:32)
    at tryModuleLoad (internal/modules/cjs/loader.js:538:12)
    at Function.Module._load (internal/modules/cjs/loader.js:530:3)
    at Module.require (internal/modules/cjs/loader.js:637:17) code: 'MODULE_NOT_FOUND' }
{ Error: Cannot find module 'mime-types'
    at Function.Module._resolveFilename (internal/modules/cjs/loader.js:581:15)
    at Module.Hook._require.Module.require (C:\Users\zy\AppData\Roaming\npm\node_modules\pm2\node_modules\_require-in-the-middle@5.0.2@require-in-the-middle\index.js:51:29)
    at require (internal/modules/cjs/helpers.js:22:18)
    at Object.<anonymous> (C:\Users\zy\Desktop\blog\node_modules\_accepts@1.3.7@accepts\index.js:16:12)
    at Module._compile (internal/modules/cjs/loader.js:689:30)
    at Object.Module._extensions..js (internal/modules/cjs/loader.js:700:10)
    at Module.load (internal/modules/cjs/loader.js:599:32)
    at tryModuleLoad (internal/modules/cjs/loader.js:538:12)
    at Function.Module._load (internal/modules/cjs/loader.js:530:3)
    at Module.require (internal/modules/cjs/loader.js:637:17) code: 'MODULE_NOT_FOUND' }
{ Error: Cannot find module 'mime-types'
    at Function.Module._resolveFilename (internal/modules/cjs/loader.js:581:15)
    at Module.Hook._require.Module.require (C:\Users\zy\AppData\Roaming\npm\node_modules\pm2\node_modules\_require-in-the-middle@5.0.2@require-in-the-middle\index.js:51:29)
    at require (internal/modules/cjs/helpers.js:22:18)
    at Object.<anonymous> (C:\Users\zy\Desktop\blog\node_modules\_accepts@1.3.7@accepts\index.js:16:12)
    at Module._compile (internal/modules/cjs/loader.js:689:30)
    at Object.Module._extensions..js (internal/modules/cjs/loader.js:700:10)
    at Module.load (internal/modules/cjs/loader.js:599:32)
    at tryModuleLoad (internal/modules/cjs/loader.js:538:12)
    at Function.Module._load (internal/modules/cjs/loader.js:530:3)
    at Module.require (internal/modules/cjs/loader.js:637:17) code: 'MODULE_NOT_FOUND' }
{ Error: Cannot find module 'mime-types'
    at Function.Module._resolveFilename (internal/modules/cjs/loader.js:581:15)
    at Module.Hook._require.Module.require (C:\Users\zy\AppData\Roaming\npm\node_modules\pm2\node_modules\_require-in-the-middle@5.0.2@require-in-the-middle\index.js:51:29)
    at require (internal/modules/cjs/helpers.js:22:18)
    at Object.<anonymous> (C:\Users\zy\Desktop\blog\node_modules\_accepts@1.3.7@accepts\index.js:16:12)
    at Module._compile (internal/modules/cjs/loader.js:689:30)
    at Object.Module._extensions..js (internal/modules/cjs/loader.js:700:10)
    at Module.load (internal/modules/cjs/loader.js:599:32)
    at tryModuleLoad (internal/modules/cjs/loader.js:538:12)
    at Function.Module._load (internal/modules/cjs/loader.js:530:3)
    at Module.require (internal/modules/cjs/loader.js:637:17) code: 'MODULE_NOT_FOUND' }
{ Error: Cannot find module 'mime-types'
    at Function.Module._resolveFilename (internal/modules/cjs/loader.js:581:15)
    at Module.Hook._require.Module.require (C:\Users\zy\AppData\Roaming\npm\node_modules\pm2\node_modules\_require-in-the-middle@5.0.2@require-in-the-middle\index.js:51:29)
    at require (internal/modules/cjs/helpers.js:22:18)
    at Object.<anonymous> (C:\Users\zy\Desktop\blog\node_modules\_accepts@1.3.7@accepts\index.js:16:12)
    at Module._compile (internal/modules/cjs/loader.js:689:30)
    at Object.Module._extensions..js (internal/modules/cjs/loader.js:700:10)
    at Module.load (internal/modules/cjs/loader.js:599:32)
    at tryModuleLoad (internal/modules/cjs/loader.js:538:12)
    at Function.Module._load (internal/modules/cjs/loader.js:530:3)
    at Module.require (internal/modules/cjs/loader.js:637:17) code: 'MODULE_NOT_FOUND' }
{ Error: Cannot find module 'mime-types'
    at Function.Module._resolveFilename (internal/modules/cjs/loader.js:581:15)
    at Module.Hook._require.Module.require (C:\Users\zy\AppData\Roaming\npm\node_modules\pm2\node_modules\_require-in-the-middle@5.0.2@require-in-the-middle\index.js:51:29)
    at require (internal/modules/cjs/helpers.js:22:18)
    at Object.<anonymous> (C:\Users\zy\Desktop\blog\node_modules\_accepts@1.3.7@accepts\index.js:16:12)
    at Module._compile (internal/modules/cjs/loader.js:689:30)
    at Object.Module._extensions..js (internal/modules/cjs/loader.js:700:10)
    at Module.load (internal/modules/cjs/loader.js:599:32)
    at tryModuleLoad (internal/modules/cjs/loader.js:538:12)
    at Function.Module._load (internal/modules/cjs/loader.js:530:3)
    at Module.require (internal/modules/cjs/loader.js:637:17) code: 'MODULE_NOT_FOUND' }
{ Error: Cannot find module 'mime-types'
    at Function.Module._resolveFilename (internal/modules/cjs/loader.js:581:15)
    at Module.Hook._require.Module.require (C:\Users\zy\AppData\Roaming\npm\node_modules\pm2\node_modules\_require-in-the-middle@5.0.2@require-in-the-middle\index.js:51:29)
    at require (internal/modules/cjs/helpers.js:22:18)
    at Object.<anonymous> (C:\Users\zy\Desktop\blog\node_modules\_accepts@1.3.7@accepts\index.js:16:12)
    at Module._compile (internal/modules/cjs/loader.js:689:30)
    at Object.Module._extensions..js (internal/modules/cjs/loader.js:700:10)
    at Module.load (internal/modules/cjs/loader.js:599:32)
    at tryModuleLoad (internal/modules/cjs/loader.js:538:12)
    at Function.Module._load (internal/modules/cjs/loader.js:530:3)
    at Module.require (internal/modules/cjs/loader.js:637:17) code: 'MODULE_NOT_FOUND' }
{ Error: Cannot find module 'mime-types'
    at Function.Module._resolveFilename (internal/modules/cjs/loader.js:581:15)
    at Module.Hook._require.Module.require (C:\Users\zy\AppData\Roaming\npm\node_modules\pm2\node_modules\_require-in-the-middle@5.0.2@require-in-the-middle\index.js:51:29)
    at require (internal/modules/cjs/helpers.js:22:18)
    at Object.<anonymous> (C:\Users\zy\Desktop\blog\node_modules\_accepts@1.3.7@accepts\index.js:16:12)
    at Module._compile (internal/modules/cjs/loader.js:689:30)
    at Object.Module._extensions..js (internal/modules/cjs/loader.js:700:10)
    at Module.load (internal/modules/cjs/loader.js:599:32)
    at tryModuleLoad (internal/modules/cjs/loader.js:538:12)
    at Function.Module._load (internal/modules/cjs/loader.js:530:3)
    at Module.require (internal/modules/cjs/loader.js:637:17) code: 'MODULE_NOT_FOUND' }
{ Error: Cannot find module 'mime-types'
    at Function.Module._resolveFilename (internal/modules/cjs/loader.js:581:15)
    at Module.Hook._require.Module.require (C:\Users\zy\AppData\Roaming\npm\node_modules\pm2\node_modules\_require-in-the-middle@5.0.2@require-in-the-middle\index.js:51:29)
    at require (internal/modules/cjs/helpers.js:22:18)
    at Object.<anonymous> (C:\Users\zy\Desktop\blog\node_modules\_accepts@1.3.7@accepts\index.js:16:12)
    at Module._compile (internal/modules/cjs/loader.js:689:30)
    at Object.Module._extensions..js (internal/modules/cjs/loader.js:700:10)
    at Module.load (internal/modules/cjs/loader.js:599:32)
    at tryModuleLoad (internal/modules/cjs/loader.js:538:12)
    at Function.Module._load (internal/modules/cjs/loader.js:530:3)
    at Module.require (internal/modules/cjs/loader.js:637:17) code: 'MODULE_NOT_FOUND' }
{ Error: Cannot find module 'mime-types'
    at Function.Module._resolveFilename (internal/modules/cjs/loader.js:581:15)
    at Module.Hook._require.Module.require (C:\Users\zy\AppData\Roaming\npm\node_modules\pm2\node_modules\_require-in-the-middle@5.0.2@require-in-the-middle\index.js:51:29)
    at require (internal/modules/cjs/helpers.js:22:18)
    at Object.<anonymous> (C:\Users\zy\Desktop\blog\node_modules\_accepts@1.3.7@accepts\index.js:16:12)
    at Module._compile (internal/modules/cjs/loader.js:689:30)
    at Object.Module._extensions..js (internal/modules/cjs/loader.js:700:10)
    at Module.load (internal/modules/cjs/loader.js:599:32)
    at tryModuleLoad (internal/modules/cjs/loader.js:538:12)
    at Function.Module._load (internal/modules/cjs/loader.js:530:3)
    at Module.require (internal/modules/cjs/loader.js:637:17) code: 'MODULE_NOT_FOUND' }
{ Error: Cannot find module 'mime-types'
    at Function.Module._resolveFilename (internal/modules/cjs/loader.js:581:15)
    at Module.Hook._require.Module.require (C:\Users\zy\AppData\Roaming\npm\node_modules\pm2\node_modules\_require-in-the-middle@5.0.2@require-in-the-middle\index.js:51:29)
    at require (internal/modules/cjs/helpers.js:22:18)
    at Object.<anonymous> (C:\Users\zy\Desktop\blog\node_modules\_accepts@1.3.7@accepts\index.js:16:12)
    at Module._compile (internal/modules/cjs/loader.js:689:30)
    at Object.Module._extensions..js (internal/modules/cjs/loader.js:700:10)
    at Module.load (internal/modules/cjs/loader.js:599:32)
    at tryModuleLoad (internal/modules/cjs/loader.js:538:12)
    at Function.Module._load (internal/modules/cjs/loader.js:530:3)
    at Module.require (internal/modules/cjs/loader.js:637:17) code: 'MODULE_NOT_FOUND' }
{ Error: Cannot find module 'mime-types'
    at Function.Module._resolveFilename (internal/modules/cjs/loader.js:581:15)
    at Module.Hook._require.Module.require (C:\Users\zy\AppData\Roaming\npm\node_modules\pm2\node_modules\_require-in-the-middle@5.0.2@require-in-the-middle\index.js:51:29)
    at require (internal/modules/cjs/helpers.js:22:18)
    at Object.<anonymous> (C:\Users\zy\Desktop\blog\node_modules\_accepts@1.3.7@accepts\index.js:16:12)
    at Module._compile (internal/modules/cjs/loader.js:689:30)
    at Object.Module._extensions..js (internal/modules/cjs/loader.js:700:10)
    at Module.load (internal/modules/cjs/loader.js:599:32)
    at tryModuleLoad (internal/modules/cjs/loader.js:538:12)
    at Function.Module._load (internal/modules/cjs/loader.js:530:3)
    at Module.require (internal/modules/cjs/loader.js:637:17) code: 'MODULE_NOT_FOUND' }
{ Error: Cannot find module 'mime-types'
    at Function.Module._resolveFilename (internal/modules/cjs/loader.js:581:15)
    at Module.Hook._require.Module.require (C:\Users\zy\AppData\Roaming\npm\node_modules\pm2\node_modules\_require-in-the-middle@5.0.2@require-in-the-middle\index.js:51:29)
    at require (internal/modules/cjs/helpers.js:22:18)
    at Object.<anonymous> (C:\Users\zy\Desktop\blog\node_modules\_accepts@1.3.7@accepts\index.js:16:12)
    at Module._compile (internal/modules/cjs/loader.js:689:30)
    at Object.Module._extensions..js (internal/modules/cjs/loader.js:700:10)
    at Module.load (internal/modules/cjs/loader.js:599:32)
    at tryModuleLoad (internal/modules/cjs/loader.js:538:12)
    at Function.Module._load (internal/modules/cjs/loader.js:530:3)
    at Module.require (internal/modules/cjs/loader.js:637:17) code: 'MODULE_NOT_FOUND' }
{ Error: Cannot find module 'mime-types'
    at Function.Module._resolveFilename (internal/modules/cjs/loader.js:581:15)
    at Module.Hook._require.Module.require (C:\Users\zy\AppData\Roaming\npm\node_modules\pm2\node_modules\_require-in-the-middle@5.0.2@require-in-the-middle\index.js:51:29)
    at require (internal/modules/cjs/helpers.js:22:18)
    at Object.<anonymous> (C:\Users\zy\Desktop\blog\node_modules\_accepts@1.3.7@accepts\index.js:16:12)
    at Module._compile (internal/modules/cjs/loader.js:689:30)
    at Object.Module._extensions..js (internal/modules/cjs/loader.js:700:10)
    at Module.load (internal/modules/cjs/loader.js:599:32)
    at tryModuleLoad (internal/modules/cjs/loader.js:538:12)
    at Function.Module._load (internal/modules/cjs/loader.js:530:3)
    at Module.require (internal/modules/cjs/loader.js:637:17) code: 'MODULE_NOT_FOUND' }
{ Error: Cannot find module 'mime-types'
    at Function.Module._resolveFilename (internal/modules/cjs/loader.js:581:15)
    at Module.Hook._require.Module.require (C:\Users\zy\AppData\Roaming\npm\node_modules\pm2\node_modules\_require-in-the-middle@5.0.2@require-in-the-middle\index.js:51:29)
    at require (internal/modules/cjs/helpers.js:22:18)
    at Object.<anonymous> (C:\Users\zy\Desktop\blog\node_modules\_accepts@1.3.7@accepts\index.js:16:12)
    at Module._compile (internal/modules/cjs/loader.js:689:30)
    at Object.Module._extensions..js (internal/modules/cjs/loader.js:700:10)
    at Module.load (internal/modules/cjs/loader.js:599:32)
    at tryModuleLoad (internal/modules/cjs/loader.js:538:12)
    at Function.Module._load (internal/modules/cjs/loader.js:530:3)
    at Module.require (internal/modules/cjs/loader.js:637:17) code: 'MODULE_NOT_FOUND' }
{ Error: Cannot find module 'mime-types'
    at Function.Module._resolveFilename (internal/modules/cjs/loader.js:581:15)
    at Module.Hook._require.Module.require (C:\Users\zy\AppData\Roaming\npm\node_modules\pm2\node_modules\_require-in-the-middle@5.0.2@require-in-the-middle\index.js:51:29)
    at require (internal/modules/cjs/helpers.js:22:18)
    at Object.<anonymous> (C:\Users\zy\Desktop\blog\node_modules\_accepts@1.3.7@accepts\index.js:16:12)
    at Module._compile (internal/modules/cjs/loader.js:689:30)
    at Object.Module._extensions..js (internal/modules/cjs/loader.js:700:10)
    at Module.load (internal/modules/cjs/loader.js:599:32)
    at tryModuleLoad (internal/modules/cjs/loader.js:538:12)
    at Function.Module._load (internal/modules/cjs/loader.js:530:3)
    at Module.require (internal/modules/cjs/loader.js:637:17) code: 'MODULE_NOT_FOUND' }
{ Error: Cannot find module 'mime-types'
    at Function.Module._resolveFilename (internal/modules/cjs/loader.js:581:15)
    at Module.Hook._require.Module.require (C:\Users\zy\AppData\Roaming\npm\node_modules\pm2\node_modules\_require-in-the-middle@5.0.2@require-in-the-middle\index.js:51:29)
    at require (internal/modules/cjs/helpers.js:22:18)
    at Object.<anonymous> (C:\Users\zy\Desktop\blog\node_modules\_accepts@1.3.7@accepts\index.js:16:12)
    at Module._compile (internal/modules/cjs/loader.js:689:30)
    at Object.Module._extensions..js (internal/modules/cjs/loader.js:700:10)
    at Module.load (internal/modules/cjs/loader.js:599:32)
    at tryModuleLoad (internal/modules/cjs/loader.js:538:12)
    at Function.Module._load (internal/modules/cjs/loader.js:530:3)
    at Module.require (internal/modules/cjs/loader.js:637:17) code: 'MODULE_NOT_FOUND' }
{ Error: Cannot find module 'mime-types'
    at Function.Module._resolveFilename (internal/modules/cjs/loader.js:581:15)
    at Module.Hook._require.Module.require (C:\Users\zy\AppData\Roaming\npm\node_modules\pm2\node_modules\_require-in-the-middle@5.0.2@require-in-the-middle\index.js:51:29)
    at require (internal/modules/cjs/helpers.js:22:18)
    at Object.<anonymous> (C:\Users\zy\Desktop\blog\node_modules\_accepts@1.3.7@accepts\index.js:16:12)
    at Module._compile (internal/modules/cjs/loader.js:689:30)
    at Object.Module._extensions..js (internal/modules/cjs/loader.js:700:10)
    at Module.load (internal/modules/cjs/loader.js:599:32)
    at tryModuleLoad (internal/modules/cjs/loader.js:538:12)
    at Function.Module._load (internal/modules/cjs/loader.js:530:3)
    at Module.require (internal/modules/cjs/loader.js:637:17) code: 'MODULE_NOT_FOUND' }
{ Error: Cannot find module 'mime-types'
    at Function.Module._resolveFilename (internal/modules/cjs/loader.js:581:15)
    at Module.Hook._require.Module.require (C:\Users\zy\AppData\Roaming\npm\node_modules\pm2\node_modules\_require-in-the-middle@5.0.2@require-in-the-middle\index.js:51:29)
    at require (internal/modules/cjs/helpers.js:22:18)
    at Object.<anonymous> (C:\Users\zy\Desktop\blog\node_modules\_accepts@1.3.7@accepts\index.js:16:12)
    at Module._compile (internal/modules/cjs/loader.js:689:30)
    at Object.Module._extensions..js (internal/modules/cjs/loader.js:700:10)
    at Module.load (internal/modules/cjs/loader.js:599:32)
    at tryModuleLoad (internal/modules/cjs/loader.js:538:12)
    at Function.Module._load (internal/modules/cjs/loader.js:530:3)
    at Module.require (internal/modules/cjs/loader.js:637:17) code: 'MODULE_NOT_FOUND' }
{ Error: Cannot find module 'mime-types'
    at Function.Module._resolveFilename (internal/modules/cjs/loader.js:581:15)
    at Module.Hook._require.Module.require (C:\Users\zy\AppData\Roaming\npm\node_modules\pm2\node_modules\_require-in-the-middle@5.0.2@require-in-the-middle\index.js:51:29)
    at require (internal/modules/cjs/helpers.js:22:18)
    at Object.<anonymous> (C:\Users\zy\Desktop\blog\node_modules\_accepts@1.3.7@accepts\index.js:16:12)
    at Module._compile (internal/modules/cjs/loader.js:689:30)
    at Object.Module._extensions..js (internal/modules/cjs/loader.js:700:10)
    at Module.load (internal/modules/cjs/loader.js:599:32)
    at tryModuleLoad (internal/modules/cjs/loader.js:538:12)
    at Function.Module._load (internal/modules/cjs/loader.js:530:3)
    at Module.require (internal/modules/cjs/loader.js:637:17) code: 'MODULE_NOT_FOUND' }
{ Error: Cannot find module 'mime-types'
    at Function.Module._resolveFilename (internal/modules/cjs/loader.js:581:15)
    at Module.Hook._require.Module.require (C:\Users\zy\AppData\Roaming\npm\node_modules\pm2\node_modules\_require-in-the-middle@5.0.2@require-in-the-middle\index.js:51:29)
    at require (internal/modules/cjs/helpers.js:22:18)
    at Object.<anonymous> (C:\Users\zy\Desktop\blog\node_modules\_accepts@1.3.7@accepts\index.js:16:12)
    at Module._compile (internal/modules/cjs/loader.js:689:30)
    at Object.Module._extensions..js (internal/modules/cjs/loader.js:700:10)
    at Module.load (internal/modules/cjs/loader.js:599:32)
    at tryModuleLoad (internal/modules/cjs/loader.js:538:12)
    at Function.Module._load (internal/modules/cjs/loader.js:530:3)
    at Module.require (internal/modules/cjs/loader.js:637:17) code: 'MODULE_NOT_FOUND' }
{ Error: Cannot find module 'mime-types'
    at Function.Module._resolveFilename (internal/modules/cjs/loader.js:581:15)
    at Module.Hook._require.Module.require (C:\Users\zy\AppData\Roaming\npm\node_modules\pm2\node_modules\_require-in-the-middle@5.0.2@require-in-the-middle\index.js:51:29)
    at require (internal/modules/cjs/helpers.js:22:18)
    at Object.<anonymous> (C:\Users\zy\Desktop\blog\node_modules\_accepts@1.3.7@accepts\index.js:16:12)
    at Module._compile (internal/modules/cjs/loader.js:689:30)
    at Object.Module._extensions..js (internal/modules/cjs/loader.js:700:10)
    at Module.load (internal/modules/cjs/loader.js:599:32)
    at tryModuleLoad (internal/modules/cjs/loader.js:538:12)
    at Function.Module._load (internal/modules/cjs/loader.js:530:3)
    at Module.require (internal/modules/cjs/loader.js:637:17) code: 'MODULE_NOT_FOUND' }
{ Error: Cannot find module 'mime-types'
    at Function.Module._resolveFilename (internal/modules/cjs/loader.js:581:15)
    at Module.Hook._require.Module.require (C:\Users\zy\AppData\Roaming\npm\node_modules\pm2\node_modules\_require-in-the-middle@5.0.2@require-in-the-middle\index.js:51:29)
    at require (internal/modules/cjs/helpers.js:22:18)
    at Object.<anonymous> (C:\Users\zy\Desktop\blog\node_modules\_accepts@1.3.7@accepts\index.js:16:12)
    at Module._compile (internal/modules/cjs/loader.js:689:30)
    at Object.Module._extensions..js (internal/modules/cjs/loader.js:700:10)
    at Module.load (internal/modules/cjs/loader.js:599:32)
    at tryModuleLoad (internal/modules/cjs/loader.js:538:12)
    at Function.Module._load (internal/modules/cjs/loader.js:530:3)
    at Module.require (internal/modules/cjs/loader.js:637:17) code: 'MODULE_NOT_FOUND' }
{ Error: Cannot find module 'mime-types'
    at Function.Module._resolveFilename (internal/modules/cjs/loader.js:581:15)
    at Module.Hook._require.Module.require (C:\Users\zy\AppData\Roaming\npm\node_modules\pm2\node_modules\_require-in-the-middle@5.0.2@require-in-the-middle\index.js:51:29)
    at require (internal/modules/cjs/helpers.js:22:18)
    at Object.<anonymous> (C:\Users\zy\Desktop\blog\node_modules\_accepts@1.3.7@accepts\index.js:16:12)
    at Module._compile (internal/modules/cjs/loader.js:689:30)
    at Object.Module._extensions..js (internal/modules/cjs/loader.js:700:10)
    at Module.load (internal/modules/cjs/loader.js:599:32)
    at tryModuleLoad (internal/modules/cjs/loader.js:538:12)
    at Function.Module._load (internal/modules/cjs/loader.js:530:3)
    at Module.require (internal/modules/cjs/loader.js:637:17) code: 'MODULE_NOT_FOUND' }
{ Error: Cannot find module 'mime-types'
    at Function.Module._resolveFilename (internal/modules/cjs/loader.js:581:15)
    at Module.Hook._require.Module.require (C:\Users\zy\AppData\Roaming\npm\node_modules\pm2\node_modules\_require-in-the-middle@5.0.2@require-in-the-middle\index.js:51:29)
    at require (internal/modules/cjs/helpers.js:22:18)
    at Object.<anonymous> (C:\Users\zy\Desktop\blog\node_modules\_accepts@1.3.7@accepts\index.js:16:12)
    at Module._compile (internal/modules/cjs/loader.js:689:30)
    at Object.Module._extensions..js (internal/modules/cjs/loader.js:700:10)
    at Module.load (internal/modules/cjs/loader.js:599:32)
    at tryModuleLoad (internal/modules/cjs/loader.js:538:12)
    at Function.Module._load (internal/modules/cjs/loader.js:530:3)
    at Module.require (internal/modules/cjs/loader.js:637:17) code: 'MODULE_NOT_FOUND' }
{ Error: Cannot find module 'mime-types'
    at Function.Module._resolveFilename (internal/modules/cjs/loader.js:581:15)
    at Module.Hook._require.Module.require (C:\Users\zy\AppData\Roaming\npm\node_modules\pm2\node_modules\_require-in-the-middle@5.0.2@require-in-the-middle\index.js:51:29)
    at require (internal/modules/cjs/helpers.js:22:18)
    at Object.<anonymous> (C:\Users\zy\Desktop\blog\node_modules\_accepts@1.3.7@accepts\index.js:16:12)
    at Module._compile (internal/modules/cjs/loader.js:689:30)
    at Object.Module._extensions..js (internal/modules/cjs/loader.js:700:10)
    at Module.load (internal/modules/cjs/loader.js:599:32)
    at tryModuleLoad (internal/modules/cjs/loader.js:538:12)
    at Function.Module._load (internal/modules/cjs/loader.js:530:3)
    at Module.require (internal/modules/cjs/loader.js:637:17) code: 'MODULE_NOT_FOUND' }
