
123 76e087bc165f647fd19f9471e0c92df2
3
123 76e087bc165f647fd19f9471e0c92df2
3
123 76e087bc165f647fd19f9471e0c92df2
3
123 76e087bc165f647fd19f9471e0c92df2
3
123 76e087bc165f647fd19f9471e0c92df2
3
123 76e087bc165f647fd19f9471e0c92df2
3
123 76e087bc165f647fd19f9471e0c92df2
3
123 76e087bc165f647fd19f9471e0c92df2
123 76e087bc165f647fd19f9471e0c92df2
123 76e087bc165f647fd19f9471e0c92df2
123 76e087bc165f647fd19f9471e0c92df2
123 76e087bc165f647fd19f9471e0c92df2
123 76e087bc165f647fd19f9471e0c92df2
123 76e087bc165f647fd19f9471e0c92df2
123 76e087bc165f647fd19f9471e0c92df2
123 76e087bc165f647fd19f9471e0c92df2
123 76e087bc165f647fd19f9471e0c92df2
123 76e087bc165f647fd19f9471e0c92df2
123 76e087bc165f647fd19f9471e0c92df2
123 76e087bc165f647fd19f9471e0c92df2
123 76e087bc165f647fd19f9471e0c92df2
123 76e087bc165f647fd19f9471e0c92df2
123 76e087bc165f647fd19f9471e0c92df2
123 76e087bc165f647fd19f9471e0c92df2
select * from blogs where 1=1 order by createtime desc;
123 76e087bc165f647fd19f9471e0c92df2
123 76e087bc165f647fd19f9471e0c92df2
select * from blogs where 1=1 order by createtime desc;
select * from blogs where 1=1 order by createtime desc;
select * from blogs where 1=1 and title like %'12'% order by createtime desc;
select * from blogs where 1=1 and title like %'12'% order by createtime desc;
select * from blogs where 1=1 and title like %'12'% order by createtime desc;
123 76e087bc165f647fd19f9471e0c92df2
select * from blogs where 1=1 and title like %'12'% order by createtime desc;
select * from blogs where 1=1 order by createtime desc;
select * from blogs where 1=1 and title like %'新'% order by createtime desc;
select * from blogs where 1=1 and title like %'1'% order by createtime desc;
123 76e087bc165f647fd19f9471e0c92df2
123 76e087bc165f647fd19f9471e0c92df2
select * from blogs where 1=1 and title like %'1'% order by createtime desc;
123 76e087bc165f647fd19f9471e0c92df2
123 76e087bc165f647fd19f9471e0c92df2
123 76e087bc165f647fd19f9471e0c92df2
123 76e087bc165f647fd19f9471e0c92df2
123 76e087bc165f647fd19f9471e0c92df2
123 76e087bc165f647fd19f9471e0c92df2
123 76e087bc165f647fd19f9471e0c92df2
123 76e087bc165f647fd19f9471e0c92df2
123 76e087bc165f647fd19f9471e0c92df2
123 76e087bc165f647fd19f9471e0c92df2
123 76e087bc165f647fd19f9471e0c92df2
123 76e087bc165f647fd19f9471e0c92df2
'1'
'1'
'1'
123 76e087bc165f647fd19f9471e0c92df2
123 76e087bc165f647fd19f9471e0c92df2
keyword
keyword
keyword
keyword
keyword
123 76e087bc165f647fd19f9471e0c92df2
123 76e087bc165f647fd19f9471e0c92df2
keyword
123 76e087bc165f647fd19f9471e0c92df2
123 76e087bc165f647fd19f9471e0c92df2
123 76e087bc165f647fd19f9471e0c92df2
123 76e087bc165f647fd19f9471e0c92df2
123 76e087bc165f647fd19f9471e0c92df2
123 76e087bc165f647fd19f9471e0c92df2
123 76e087bc165f647fd19f9471e0c92df2
123 76e087bc165f647fd19f9471e0c92df2
123 76e087bc165f647fd19f9471e0c92df2
123 76e087bc165f647fd19f9471e0c92df2
123 76e087bc165f647fd19f9471e0c92df2
123 76e087bc165f647fd19f9471e0c92df2
123 76e087bc165f647fd19f9471e0c92df2
123 76e087bc165f647fd19f9471e0c92df2
123 76e087bc165f647fd19f9471e0c92df2
123 76e087bc165f647fd19f9471e0c92df2
123 76e087bc165f647fd19f9471e0c92df2
123 76e087bc165f647fd19f9471e0c92df2
123 76e087bc165f647fd19f9471e0c92df2
123 76e087bc165f647fd19f9471e0c92df2
123 76e087bc165f647fd19f9471e0c92df2
123 76e087bc165f647fd19f9471e0c92df2
123 76e087bc165f647fd19f9471e0c92df2
Session {
  cookie:
   { path: '/',
     _expires: 2020-01-15T15:32:47.333Z,
     originalMaxAge: 86400000,
     httpOnly: true },
  username: 'zhangsan',
  realname: '二狗子' }
123 76e087bc165f647fd19f9471e0c92df2
zhangsan
123 76e087bc165f647fd19f9471e0c92df2
123 76e087bc165f647fd19f9471e0c92df2
123 76e087bc165f647fd19f9471e0c92df2
123 76e087bc165f647fd19f9471e0c92df2
123 76e087bc165f647fd19f9471e0c92df2
zhangsan
zhangsan
123 76e087bc165f647fd19f9471e0c92df2
123 76e087bc165f647fd19f9471e0c92df2
123 76e087bc165f647fd19f9471e0c92df2
zhangsan
123 76e087bc165f647fd19f9471e0c92df2
zhangsan
{ id: '\'23\'', author: '\'zhangsan\'' }
zhangsan
{ id: '\'23\'', author: '\'zhangsan\'' }
123 76e087bc165f647fd19f9471e0c92df2
123 76e087bc165f647fd19f9471e0c92df2
123 76e087bc165f647fd19f9471e0c92df2
123 76e087bc165f647fd19f9471e0c92df2
123 76e087bc165f647fd19f9471e0c92df2
123 76e087bc165f647fd19f9471e0c92df2
123 76e087bc165f647fd19f9471e0c92df2
123 76e087bc165f647fd19f9471e0c92df2
zhangsan
{ id: '\'23\'', author: '\'zhangsan\'' }
zhangsan
{ id: '\'23\'', author: '\'zhangsan\'' }
123 76e087bc165f647fd19f9471e0c92df2
123 76e087bc165f647fd19f9471e0c92df2
123 76e087bc165f647fd19f9471e0c92df2
123 76e087bc165f647fd19f9471e0c92df2
123 76e087bc165f647fd19f9471e0c92df2
123 76e087bc165f647fd19f9471e0c92df2
